c:\users\antre\source\repos\sudoku_visualizer\release\vc142.pdb
c:\users\antre\source\repos\sudoku_visualizer\release\utility.obj
c:\users\antre\source\repos\sudoku_visualizer\release\queue.obj
c:\users\antre\source\repos\sudoku_visualizer\release\dgraph.obj
c:\users\antre\source\repos\sudoku_visualizer\release\windowsproject1.obj
c:\users\antre\source\repos\sudoku_visualizer\release\windowsproject1.exe
c:\users\antre\source\repos\sudoku_visualizer\release\windowsproject1.pdb
c:\users\antre\source\repos\sudoku_visualizer\release\windowsproject1.res
c:\users\antre\source\repos\sudoku_visualizer\release\windowsproject1.ipdb
c:\users\antre\source\repos\sudoku_visualizer\release\windowsproject1.iobj
c:\users\antre\source\repos\sudoku_visualizer\release\windowsproject1.tlog\cl.command.1.tlog
c:\users\antre\source\repos\sudoku_visualizer\release\windowsproject1.tlog\cl.read.1.tlog
c:\users\antre\source\repos\sudoku_visualizer\release\windowsproject1.tlog\cl.write.1.tlog
c:\users\antre\source\repos\sudoku_visualizer\release\windowsproject1.tlog\link.command.1.tlog
c:\users\antre\source\repos\sudoku_visualizer\release\windowsproject1.tlog\link.read.1.tlog
c:\users\antre\source\repos\sudoku_visualizer\release\windowsproject1.tlog\link.write.1.tlog
c:\users\antre\source\repos\sudoku_visualizer\release\windowsproject1.tlog\rc.command.1.tlog
c:\users\antre\source\repos\sudoku_visualizer\release\windowsproject1.tlog\rc.read.1.tlog
c:\users\antre\source\repos\sudoku_visualizer\release\windowsproject1.tlog\rc.write.1.tlog
c:\users\antre\source\repos\sudoku_visualizer\release\windowsproject1.tlog\windowsproject1.write.1u.tlog
