  DGraph.c
  utility.c
C:\Users\antre\source\repos\Sudoku_Visualizer\utility.c(171,12): warning C4098: 'read_Sudoku': 'void' function returning a value
C:\Users\antre\source\repos\Sudoku_Visualizer\utility.c(232,9): warning C4101: 'j': unreferenced local variable
C:\Users\antre\source\repos\Sudoku_Visualizer\utility.c(292,12): warning C4098: 'save_statistics': 'void' function returning a value
C:\Users\antre\source\repos\Sudoku_Visualizer\utility.c(337,12): warning C4098: 'save_sudoku': 'void' function returning a value
C:\Users\antre\source\repos\Sudoku_Visualizer\utility.c(491,71): warning C4101: 'random': unreferenced local variable
C:\Users\antre\source\repos\Sudoku_Visualizer\utility.c(1025,70): warning C4047: 'function': 'WPARAM' differs in levels of indirection from 'void *'
C:\Users\antre\source\repos\Sudoku_Visualizer\utility.c(1025,66): warning C4024: 'SendMessageW': different types for formal and actual parameter 3
C:\Users\antre\source\repos\Sudoku_Visualizer\utility.c(1025,76): warning C4047: 'function': 'LPARAM' differs in levels of indirection from 'void *'
C:\Users\antre\source\repos\Sudoku_Visualizer\utility.c(1025,72): warning C4024: 'SendMessageW': different types for formal and actual parameter 4
C:\Users\antre\source\repos\Sudoku_Visualizer\utility.c(1063,73): warning C4047: 'function': 'WPARAM' differs in levels of indirection from 'void *'
C:\Users\antre\source\repos\Sudoku_Visualizer\utility.c(1063,69): warning C4024: 'SendMessageW': different types for formal and actual parameter 3
C:\Users\antre\source\repos\Sudoku_Visualizer\utility.c(1063,79): warning C4047: 'function': 'LPARAM' differs in levels of indirection from 'void *'
C:\Users\antre\source\repos\Sudoku_Visualizer\utility.c(1063,75): warning C4024: 'SendMessageW': different types for formal and actual parameter 4
C:\Users\antre\source\repos\Sudoku_Visualizer\utility.c(1100,73): warning C4047: 'function': 'WPARAM' differs in levels of indirection from 'void *'
C:\Users\antre\source\repos\Sudoku_Visualizer\utility.c(1100,69): warning C4024: 'SendMessageW': different types for formal and actual parameter 3
C:\Users\antre\source\repos\Sudoku_Visualizer\utility.c(1100,79): warning C4047: 'function': 'LPARAM' differs in levels of indirection from 'void *'
C:\Users\antre\source\repos\Sudoku_Visualizer\utility.c(1100,75): warning C4024: 'SendMessageW': different types for formal and actual parameter 4
C:\Users\antre\source\repos\Sudoku_Visualizer\utility.c(1173,70): warning C4047: 'function': 'WPARAM' differs in levels of indirection from 'void *'
C:\Users\antre\source\repos\Sudoku_Visualizer\utility.c(1173,66): warning C4024: 'SendMessageW': different types for formal and actual parameter 3
C:\Users\antre\source\repos\Sudoku_Visualizer\utility.c(1173,76): warning C4047: 'function': 'LPARAM' differs in levels of indirection from 'void *'
C:\Users\antre\source\repos\Sudoku_Visualizer\utility.c(1173,72): warning C4024: 'SendMessageW': different types for formal and actual parameter 4
C:\Users\antre\source\repos\Sudoku_Visualizer\utility.c(1211,73): warning C4047: 'function': 'WPARAM' differs in levels of indirection from 'void *'
C:\Users\antre\source\repos\Sudoku_Visualizer\utility.c(1211,69): warning C4024: 'SendMessageW': different types for formal and actual parameter 3
C:\Users\antre\source\repos\Sudoku_Visualizer\utility.c(1211,79): warning C4047: 'function': 'LPARAM' differs in levels of indirection from 'void *'
C:\Users\antre\source\repos\Sudoku_Visualizer\utility.c(1211,75): warning C4024: 'SendMessageW': different types for formal and actual parameter 4
C:\Users\antre\source\repos\Sudoku_Visualizer\utility.c(1248,73): warning C4047: 'function': 'WPARAM' differs in levels of indirection from 'void *'
C:\Users\antre\source\repos\Sudoku_Visualizer\utility.c(1248,69): warning C4024: 'SendMessageW': different types for formal and actual parameter 3
C:\Users\antre\source\repos\Sudoku_Visualizer\utility.c(1248,79): warning C4047: 'function': 'LPARAM' differs in levels of indirection from 'void *'
C:\Users\antre\source\repos\Sudoku_Visualizer\utility.c(1248,75): warning C4024: 'SendMessageW': different types for formal and actual parameter 4
C:\Users\antre\source\repos\Sudoku_Visualizer\utility.c(1320,69): warning C4047: 'function': 'WPARAM' differs in levels of indirection from 'void *'
C:\Users\antre\source\repos\Sudoku_Visualizer\utility.c(1320,65): warning C4024: 'SendMessageW': different types for formal and actual parameter 3
C:\Users\antre\source\repos\Sudoku_Visualizer\utility.c(1320,75): warning C4047: 'function': 'LPARAM' differs in levels of indirection from 'void *'
C:\Users\antre\source\repos\Sudoku_Visualizer\utility.c(1320,71): warning C4024: 'SendMessageW': different types for formal and actual parameter 4
C:\Users\antre\source\repos\Sudoku_Visualizer\utility.c(1358,72): warning C4047: 'function': 'WPARAM' differs in levels of indirection from 'void *'
C:\Users\antre\source\repos\Sudoku_Visualizer\utility.c(1358,68): warning C4024: 'SendMessageW': different types for formal and actual parameter 3
C:\Users\antre\source\repos\Sudoku_Visualizer\utility.c(1358,78): warning C4047: 'function': 'LPARAM' differs in levels of indirection from 'void *'
C:\Users\antre\source\repos\Sudoku_Visualizer\utility.c(1358,74): warning C4024: 'SendMessageW': different types for formal and actual parameter 4
C:\Users\antre\source\repos\Sudoku_Visualizer\utility.c(1395,73): warning C4047: 'function': 'WPARAM' differs in levels of indirection from 'void *'
C:\Users\antre\source\repos\Sudoku_Visualizer\utility.c(1395,69): warning C4024: 'SendMessageW': different types for formal and actual parameter 3
C:\Users\antre\source\repos\Sudoku_Visualizer\utility.c(1395,79): warning C4047: 'function': 'LPARAM' differs in levels of indirection from 'void *'
C:\Users\antre\source\repos\Sudoku_Visualizer\utility.c(1395,75): warning C4024: 'SendMessageW': different types for formal and actual parameter 4
C:\Users\antre\source\repos\Sudoku_Visualizer\utility.c(959,12): warning C4101: 'k': unreferenced local variable
C:\Users\antre\source\repos\Sudoku_Visualizer\utility.c(959,110): warning C4101: 'temp_index': unreferenced local variable
C:\Users\antre\source\repos\Sudoku_Visualizer\utility.c(1696,55): warning C4047: 'function': 'UINT' differs in levels of indirection from 'void *'
C:\Users\antre\source\repos\Sudoku_Visualizer\utility.c(1696,51): warning C4024: 'SetDlgItemInt': different types for formal and actual parameter 3
C:\Users\antre\source\repos\Sudoku_Visualizer\utility.c(1752,55): warning C4047: 'function': 'UINT' differs in levels of indirection from 'void *'
C:\Users\antre\source\repos\Sudoku_Visualizer\utility.c(1752,51): warning C4024: 'SetDlgItemInt': different types for formal and actual parameter 3
  WindowsProject1.cpp
C:\Users\antre\source\repos\Sudoku_Visualizer\WindowsProject1.cpp(121,13): warning C4101: 'btnResp': unreferenced local variable
  Generating code
  8 of 43 functions (18.6%) were compiled, the rest were copied from previous compilation.
    0 functions were new in current compilation
    3 functions had inline decision re-evaluated but remain unchanged
  Finished generating code
  WindowsProject1.vcxproj -> C:\Users\antre\source\repos\Sudoku_Visualizer\Release\WindowsProject1.exe
